# JRE version: OpenJDK Runtime Environment (8.0_242-b01) (build 1.8.0_242-release-1644-b01)
# Java VM: OpenJDK 64-Bit Server VM (25.242-b01 mixed mode windows-amd64 compressed oops)
Heap:
 PSYoungGen      total 271360K, used 135714K [0x00000000d5580000, 0x00000000ef480000, 0x0000000100000000)
  eden space 244736K, 48% used [0x00000000d5580000,0x00000000dca2d338,0x00000000e4480000)
  from space 26624K, 60% used [0x00000000e8100000,0x00000000e90db760,0x00000000e9b00000)
  to   space 61952K, 0% used [0x00000000e4480000,0x00000000e4480000,0x00000000e8100000)
 ParOldGen       total 142336K, used 141863K [0x0000000080000000, 0x0000000088b00000, 0x00000000d5580000)
  object space 142336K, 99% used [0x0000000080000000,0x0000000088a89dd8,0x0000000088b00000)
 Metaspace       used 92739K, capacity 96014K, committed 96664K, reserved 1132544K
  class space    used 12062K, capacity 12776K, committed 12976K, reserved 1048576K
GC Heap History (10 events):
Event: 12.916 GC heap before
{Heap before GC invocations=16 (full 3):
 PSYoungGen      total 205824K, used 186368K [0x00000000d5580000, 0x00000000e3d80000, 0x0000000100000000)
  eden space 186368K, 100% used [0x00000000d5580000,0x00000000e0b80000,0x00000000e0b80000)
  from space 19456K, 0% used [0x00000000e1f00000,0x00000000e1f00000,0x00000000e3200000)
  to   space 19968K, 0% used [0x00000000e0b80000,0x00000000e0b80000,0x00000000e1f00000)
 ParOldGen       total 130560K, used 32125K [0x0000000080000000, 0x0000000087f80000, 0x00000000d5580000)
  object space 130560K, 24% used [0x0000000080000000,0x0000000081f5f558,0x0000000087f80000)
 Metaspace       used 64329K, capacity 67144K, committed 67224K, reserved 1107968K
  class space    used 8754K, capacity 9331K, committed 9392K, reserved 1048576K
Event: 12.942 GC heap after
Heap after GC invocations=16 (full 3):
 PSYoungGen      total 206336K, used 17675K [0x00000000d5580000, 0x00000000e6780000, 0x0000000100000000)
  eden space 186368K, 0% used [0x00000000d5580000,0x00000000d5580000,0x00000000e0b80000)
  from space 19968K, 88% used [0x00000000e0b80000,0x00000000e1cc2f78,0x00000000e1f00000)
  to   space 22016K, 0% used [0x00000000e5200000,0x00000000e5200000,0x00000000e6780000)
 ParOldGen       total 130560K, used 32133K [0x0000000080000000, 0x0000000087f80000, 0x00000000d5580000)
  object space 130560K, 24% used [0x0000000080000000,0x0000000081f61558,0x0000000087f80000)
 Metaspace       used 64329K, capacity 67144K, committed 67224K, reserved 1107968K
  class space    used 8754K, capacity 9331K, committed 9392K, reserved 1048576K
}
Event: 15.153 GC heap before
{Heap before GC invocations=17 (full 3):
 PSYoungGen      total 206336K, used 204043K [0x00000000d5580000, 0x00000000e6780000, 0x0000000100000000)
  eden space 186368K, 100% used [0x00000000d5580000,0x00000000e0b80000,0x00000000e0b80000)
  from space 19968K, 88% used [0x00000000e0b80000,0x00000000e1cc2f78,0x00000000e1f00000)
  to   space 22016K, 0% used [0x00000000e5200000,0x00000000e5200000,0x00000000e6780000)
 ParOldGen       total 130560K, used 32133K [0x0000000080000000, 0x0000000087f80000, 0x00000000d5580000)
  object space 130560K, 24% used [0x0000000080000000,0x0000000081f61558,0x0000000087f80000)
 Metaspace       used 68568K, capacity 71540K, committed 71704K, reserved 1112064K
  class space    used 9319K, capacity 9945K, committed 10032K, reserved 1048576K
Event: 15.173 GC heap after
Heap after GC invocations=17 (full 3):
 PSYoungGen      total 253440K, used 22003K [0x00000000d5580000, 0x00000000e6d80000, 0x0000000100000000)
  eden space 231424K, 0% used [0x00000000d5580000,0x00000000d5580000,0x00000000e3780000)
  from space 22016K, 99% used [0x00000000e5200000,0x00000000e677cda8,0x00000000e6780000)
  to   space 27136K, 0% used [0x00000000e3780000,0x00000000e3780000,0x00000000e5200000)
 ParOldGen       total 130560K, used 36601K [0x0000000080000000, 0x0000000087f80000, 0x00000000d5580000)
  object space 130560K, 28% used [0x0000000080000000,0x00000000823be418,0x0000000087f80000)
 Metaspace       used 68568K, capacity 71540K, committed 71704K, reserved 1112064K
  class space    used 9319K, capacity 9945K, committed 10032K, reserved 1048576K
}
Event: 38.638 GC heap before
{Heap before GC invocations=18 (full 3):
 PSYoungGen      total 253440K, used 253427K [0x00000000d5580000, 0x00000000e6d80000, 0x0000000100000000)
  eden space 231424K, 100% used [0x00000000d5580000,0x00000000e3780000,0x00000000e3780000)
  from space 22016K, 99% used [0x00000000e5200000,0x00000000e677cda8,0x00000000e6780000)
  to   space 27136K, 0% used [0x00000000e3780000,0x00000000e3780000,0x00000000e5200000)
 ParOldGen       total 130560K, used 36601K [0x0000000080000000, 0x0000000087f80000, 0x00000000d5580000)
  object space 130560K, 28% used [0x0000000080000000,0x00000000823be418,0x0000000087f80000)
 Metaspace       used 78778K, capacity 82238K, committed 82456K, reserved 1120256K
  class space    used 10535K, capacity 11234K, committed 11312K, reserved 1048576K
Event: 38.690 GC heap after
Heap after GC invocations=18 (full 3):
 PSYoungGen      total 258560K, used 14804K [0x00000000d5580000, 0x00000000e9b00000, 0x0000000100000000)
  eden space 231424K, 0% used [0x00000000d5580000,0x00000000d5580000,0x00000000e3780000)
  from space 27136K, 54% used [0x00000000e3780000,0x00000000e45f5178,0x00000000e5200000)
  to   space 26624K, 0% used [0x00000000e8100000,0x00000000e8100000,0x00000000e9b00000)
 ParOldGen       total 130560K, used 57586K [0x0000000080000000, 0x0000000087f80000, 0x00000000d5580000)
  object space 130560K, 44% used [0x0000000080000000,0x000000008383c968,0x0000000087f80000)
 Metaspace       used 78778K, capacity 82238K, committed 82456K, reserved 1120256K
  class space    used 10535K, capacity 11234K, committed 11312K, reserved 1048576K
}
Event: 44.495 GC heap before
{Heap before GC invocations=19 (full 3):
 PSYoungGen      total 258560K, used 246228K [0x00000000d5580000, 0x00000000e9b00000, 0x0000000100000000)
  eden space 231424K, 100% used [0x00000000d5580000,0x00000000e3780000,0x00000000e3780000)
  from space 27136K, 54% used [0x00000000e3780000,0x00000000e45f5178,0x00000000e5200000)
  to   space 26624K, 0% used [0x00000000e8100000,0x00000000e8100000,0x00000000e9b00000)
 ParOldGen       total 130560K, used 57586K [0x0000000080000000, 0x0000000087f80000, 0x00000000d5580000)
  object space 130560K, 44% used [0x0000000080000000,0x000000008383c968,0x0000000087f80000)
 Metaspace       used 92778K, capacity 96314K, committed 96664K, reserved 1132544K
  class space    used 12108K, capacity 12862K, committed 12976K, reserved 1048576K
Event: 44.870 GC heap after
Heap after GC invocations=19 (full 3):
 PSYoungGen      total 271360K, used 26594K [0x00000000d5580000, 0x00000000ef480000, 0x0000000100000000)
  eden space 244736K, 0% used [0x00000000d5580000,0x00000000d5580000,0x00000000e4480000)
  from space 26624K, 99% used [0x00000000e8100000,0x00000000e9af8b90,0x00000000e9b00000)
  to   space 61952K, 0% used [0x00000000e4480000,0x00000000e4480000,0x00000000e8100000)
 ParOldGen       total 142336K, used 142147K [0x0000000080000000, 0x0000000088b00000, 0x00000000d5580000)
  object space 142336K, 99% used [0x0000000080000000,0x0000000088ad0fa0,0x0000000088b00000)
 Metaspace       used 92778K, capacity 96314K, committed 96664K, reserved 1132544K
  class space    used 12108K, capacity 12862K, committed 12976K, reserved 1048576K
}
Event: 44.870 GC heap before
{Heap before GC invocations=20 (full 4):
 PSYoungGen      total 271360K, used 26594K [0x00000000d5580000, 0x00000000ef480000, 0x0000000100000000)
  eden space 244736K, 0% used [0x00000000d5580000,0x00000000d5580000,0x00000000e4480000)
  from space 26624K, 99% used [0x00000000e8100000,0x00000000e9af8b90,0x00000000e9b00000)
  to   space 61952K, 0% used [0x00000000e4480000,0x00000000e4480000,0x00000000e8100000)
 ParOldGen       total 142336K, used 142147K [0x0000000080000000, 0x0000000088b00000, 0x00000000d5580000)
  object space 142336K, 99% used [0x0000000080000000,0x0000000088ad0fa0,0x0000000088b00000)
 Metaspace       used 92778K, capacity 96314K, committed 96664K, reserved 1132544K
  class space    used 12108K, capacity 12862K, committed 12976K, reserved 1048576K
Event: 47.671 GC heap after
Heap after GC invocations=20 (full 4):
 PSYoungGen      total 271360K, used 16237K [0x00000000d5580000, 0x00000000ef480000, 0x0000000100000000)
  eden space 244736K, 0% used [0x00000000d5580000,0x00000000d5580000,0x00000000e4480000)
  from space 26624K, 60% used [0x00000000e8100000,0x00000000e90db760,0x00000000e9b00000)
  to   space 61952K, 0% used [0x00000000e4480000,0x00000000e4480000,0x00000000e8100000)
 ParOldGen       total 142336K, used 141863K [0x0000000080000000, 0x0000000088b00000, 0x00000000d5580000)
  object space 142336K, 99% used [0x0000000080000000,0x0000000088a89dd8,0x0000000088b00000)
 Metaspace       used 92609K, capacity 95828K, committed 96664K, reserved 1132544K
  class space    used 12052K, capacity 12765K, committed 12976K, reserved 1048576K
}

