# JRE version: OpenJDK Runtime Environment (8.0_242-b01) (build 1.8.0_242-release-1644-b01)
# Java VM: OpenJDK 64-Bit Server VM (25.242-b01 mixed mode windows-amd64 compressed oops)
Heap:
 PSYoungGen      total 157184K, used 10483K [0x00000000d5f00000, 0x00000000e4880000, 0x0000000100000000)
  eden space 132608K, 7% used [0x00000000d5f00000,0x00000000d693cd48,0x00000000de080000)
  from space 24576K, 0% used [0x00000000de080000,0x00000000de080000,0x00000000df880000)
  to   space 32256K, 0% used [0x00000000e2900000,0x00000000e2900000,0x00000000e4880000)
 ParOldGen       total 123904K, used 46352K [0x0000000081c00000, 0x0000000089500000, 0x00000000d5f00000)
  object space 123904K, 37% used [0x0000000081c00000,0x0000000084944358,0x0000000089500000)
 Metaspace       used 58590K, capacity 59730K, committed 60056K, reserved 1101824K
  class space    used 7167K, capacity 7478K, committed 7600K, reserved 1048576K
GC Heap History (10 events):
Event: 2.504 GC heap before
{Heap before GC invocations=6 (full 1):
 PSYoungGen      total 102400K, used 32412K [0x00000000d5f00000, 0x00000000deb00000, 0x0000000100000000)
  eden space 97280K, 28% used [0x00000000d5f00000,0x00000000d79ae750,0x00000000dbe00000)
  from space 5120K, 99% used [0x00000000de600000,0x00000000deaf8918,0x00000000deb00000)
  to   space 5120K, 0% used [0x00000000de100000,0x00000000de100000,0x00000000de600000)
 ParOldGen       total 66048K, used 19946K [0x0000000081c00000, 0x0000000085c80000, 0x00000000d5f00000)
  object space 66048K, 30% used [0x0000000081c00000,0x0000000082f7a848,0x0000000085c80000)
 Metaspace       used 34751K, capacity 35228K, committed 35496K, reserved 1081344K
  class space    used 4421K, capacity 4583K, committed 4656K, reserved 1048576K
Event: 2.511 GC heap after
Heap after GC invocations=6 (full 1):
 PSYoungGen      total 138240K, used 5099K [0x00000000d5f00000, 0x00000000e0800000, 0x0000000100000000)
  eden space 133120K, 0% used [0x00000000d5f00000,0x00000000d5f00000,0x00000000de100000)
  from space 5120K, 99% used [0x00000000de100000,0x00000000de5fadd8,0x00000000de600000)
  to   space 15872K, 0% used [0x00000000df880000,0x00000000df880000,0x00000000e0800000)
 ParOldGen       total 66048K, used 27078K [0x0000000081c00000, 0x0000000085c80000, 0x00000000d5f00000)
  object space 66048K, 40% used [0x0000000081c00000,0x0000000083671b90,0x0000000085c80000)
 Metaspace       used 34751K, capacity 35228K, committed 35496K, reserved 1081344K
  class space    used 4421K, capacity 4583K, committed 4656K, reserved 1048576K
}
Event: 2.511 GC heap before
{Heap before GC invocations=7 (full 2):
 PSYoungGen      total 138240K, used 5099K [0x00000000d5f00000, 0x00000000e0800000, 0x0000000100000000)
  eden space 133120K, 0% used [0x00000000d5f00000,0x00000000d5f00000,0x00000000de100000)
  from space 5120K, 99% used [0x00000000de100000,0x00000000de5fadd8,0x00000000de600000)
  to   space 15872K, 0% used [0x00000000df880000,0x00000000df880000,0x00000000e0800000)
 ParOldGen       total 66048K, used 27078K [0x0000000081c00000, 0x0000000085c80000, 0x00000000d5f00000)
  object space 66048K, 40% used [0x0000000081c00000,0x0000000083671b90,0x0000000085c80000)
 Metaspace       used 34751K, capacity 35228K, committed 35496K, reserved 1081344K
  class space    used 4421K, capacity 4583K, committed 4656K, reserved 1048576K
Event: 2.572 GC heap after
Heap after GC invocations=7 (full 2):
 PSYoungGen      total 138240K, used 0K [0x00000000d5f00000, 0x00000000e0800000, 0x0000000100000000)
  eden space 133120K, 0% used [0x00000000d5f00000,0x00000000d5f00000,0x00000000de100000)
  from space 5120K, 0% used [0x00000000de100000,0x00000000de100000,0x00000000de600000)
  to   space 15872K, 0% used [0x00000000df880000,0x00000000df880000,0x00000000e0800000)
 ParOldGen       total 123904K, used 27970K [0x0000000081c00000, 0x0000000089500000, 0x00000000d5f00000)
  object space 123904K, 22% used [0x0000000081c00000,0x0000000083750b98,0x0000000089500000)
 Metaspace       used 34751K, capacity 35228K, committed 35496K, reserved 1081344K
  class space    used 4421K, capacity 4583K, committed 4656K, reserved 1048576K
}
Event: 4.569 GC heap before
{Heap before GC invocations=8 (full 2):
 PSYoungGen      total 138240K, used 133120K [0x00000000d5f00000, 0x00000000e0800000, 0x0000000100000000)
  eden space 133120K, 100% used [0x00000000d5f00000,0x00000000de100000,0x00000000de100000)
  from space 5120K, 0% used [0x00000000de100000,0x00000000de100000,0x00000000de600000)
  to   space 15872K, 0% used [0x00000000df880000,0x00000000df880000,0x00000000e0800000)
 ParOldGen       total 123904K, used 27970K [0x0000000081c00000, 0x0000000089500000, 0x00000000d5f00000)
  object space 123904K, 22% used [0x0000000081c00000,0x0000000083750b98,0x0000000089500000)
 Metaspace       used 46479K, capacity 47320K, committed 47536K, reserved 1091584K
  class space    used 5796K, capacity 6043K, committed 6064K, reserved 1048576K
Event: 4.590 GC heap after
Heap after GC invocations=8 (full 2):
 PSYoungGen      total 148480K, used 15871K [0x00000000d5f00000, 0x00000000e3a80000, 0x0000000100000000)
  eden space 132608K, 0% used [0x00000000d5f00000,0x00000000d5f00000,0x00000000de080000)
  from space 15872K, 99% used [0x00000000df880000,0x00000000e07ffca8,0x00000000e0800000)
  to   space 24576K, 0% used [0x00000000de080000,0x00000000de080000,0x00000000df880000)
 ParOldGen       total 123904K, used 39388K [0x0000000081c00000, 0x0000000089500000, 0x00000000d5f00000)
  object space 123904K, 31% used [0x0000000081c00000,0x00000000842772b0,0x0000000089500000)
 Metaspace       used 46479K, capacity 47320K, committed 47536K, reserved 1091584K
  class space    used 5796K, capacity 6043K, committed 6064K, reserved 1048576K
}
Event: 6.192 GC heap before
{Heap before GC invocations=9 (full 2):
 PSYoungGen      total 148480K, used 106417K [0x00000000d5f00000, 0x00000000e3a80000, 0x0000000100000000)
  eden space 132608K, 68% used [0x00000000d5f00000,0x00000000db76cb30,0x00000000de080000)
  from space 15872K, 99% used [0x00000000df880000,0x00000000e07ffca8,0x00000000e0800000)
  to   space 24576K, 0% used [0x00000000de080000,0x00000000de080000,0x00000000df880000)
 ParOldGen       total 123904K, used 39388K [0x0000000081c00000, 0x0000000089500000, 0x00000000d5f00000)
  object space 123904K, 31% used [0x0000000081c00000,0x00000000842772b0,0x0000000089500000)
 Metaspace       used 57874K, capacity 58974K, committed 59160K, reserved 1101824K
  class space    used 7114K, capacity 7400K, committed 7472K, reserved 1048576K
Event: 6.218 GC heap after
Heap after GC invocations=9 (full 2):
 PSYoungGen      total 157184K, used 24553K [0x00000000d5f00000, 0x00000000e4880000, 0x0000000100000000)
  eden space 132608K, 0% used [0x00000000d5f00000,0x00000000d5f00000,0x00000000de080000)
  from space 24576K, 99% used [0x00000000de080000,0x00000000df87a4b0,0x00000000df880000)
  to   space 32256K, 0% used [0x00000000e2900000,0x00000000e2900000,0x00000000e4880000)
 ParOldGen       total 123904K, used 46973K [0x0000000081c00000, 0x0000000089500000, 0x00000000d5f00000)
  object space 123904K, 37% used [0x0000000081c00000,0x00000000849df6e8,0x0000000089500000)
 Metaspace       used 57874K, capacity 58974K, committed 59160K, reserved 1101824K
  class space    used 7114K, capacity 7400K, committed 7472K, reserved 1048576K
}
Event: 6.218 GC heap before
{Heap before GC invocations=10 (full 3):
 PSYoungGen      total 157184K, used 24553K [0x00000000d5f00000, 0x00000000e4880000, 0x0000000100000000)
  eden space 132608K, 0% used [0x00000000d5f00000,0x00000000d5f00000,0x00000000de080000)
  from space 24576K, 99% used [0x00000000de080000,0x00000000df87a4b0,0x00000000df880000)
  to   space 32256K, 0% used [0x00000000e2900000,0x00000000e2900000,0x00000000e4880000)
 ParOldGen       total 123904K, used 46973K [0x0000000081c00000, 0x0000000089500000, 0x00000000d5f00000)
  object space 123904K, 37% used [0x0000000081c00000,0x00000000849df6e8,0x0000000089500000)
 Metaspace       used 57874K, capacity 58974K, committed 59160K, reserved 1101824K
  class space    used 7114K, capacity 7400K, committed 7472K, reserved 1048576K
Event: 6.378 GC heap after
Heap after GC invocations=10 (full 3):
 PSYoungGen      total 157184K, used 0K [0x00000000d5f00000, 0x00000000e4880000, 0x0000000100000000)
  eden space 132608K, 0% used [0x00000000d5f00000,0x00000000d5f00000,0x00000000de080000)
  from space 24576K, 0% used [0x00000000de080000,0x00000000de080000,0x00000000df880000)
  to   space 32256K, 0% used [0x00000000e2900000,0x00000000e2900000,0x00000000e4880000)
 ParOldGen       total 123904K, used 46352K [0x0000000081c00000, 0x0000000089500000, 0x00000000d5f00000)
  object space 123904K, 37% used [0x0000000081c00000,0x0000000084944358,0x0000000089500000)
 Metaspace       used 57874K, capacity 58974K, committed 59160K, reserved 1101824K
  class space    used 7114K, capacity 7400K, committed 7472K, reserved 1048576K
}

