# JRE version: OpenJDK Runtime Environment (8.0_242-b01) (build 1.8.0_242-release-1644-b01)
# Java VM: OpenJDK 64-Bit Server VM (25.242-b01 mixed mode windows-amd64 compressed oops)
Heap:
 PSYoungGen      total 141824K, used 41988K [0x00000000d5580000, 0x00000000e3d00000, 0x0000000100000000)
  eden space 128000K, 32% used [0x00000000d5580000,0x00000000d7e812b8,0x00000000dd280000)
  from space 13824K, 0% used [0x00000000dd280000,0x00000000dd280000,0x00000000de000000)
  to   space 15360K, 0% used [0x00000000e2e00000,0x00000000e2e00000,0x00000000e3d00000)
 ParOldGen       total 91136K, used 18686K [0x0000000080000000, 0x0000000085900000, 0x00000000d5580000)
  object space 91136K, 20% used [0x0000000080000000,0x000000008123fb78,0x0000000085900000)
 Metaspace       used 36129K, capacity 37378K, committed 37552K, reserved 1081344K
  class space    used 4960K, capacity 5240K, committed 5296K, reserved 1048576K
GC Heap History (10 events):
Event: 3.259 GC heap before
{Heap before GC invocations=5 (full 0):
 PSYoungGen      total 71680K, used 9547K [0x00000000d5580000, 0x00000000de180000, 0x0000000100000000)
  eden space 66560K, 6% used [0x00000000d5580000,0x00000000d59d6d40,0x00000000d9680000)
  from space 5120K, 99% used [0x00000000d9b80000,0x00000000da07c040,0x00000000da080000)
  to   space 5120K, 0% used [0x00000000d9680000,0x00000000d9680000,0x00000000d9b80000)
 ParOldGen       total 87552K, used 11268K [0x0000000080000000, 0x0000000085580000, 0x00000000d5580000)
  object space 87552K, 12% used [0x0000000080000000,0x0000000080b01078,0x0000000085580000)
 Metaspace       used 20653K, capacity 21260K, committed 21296K, reserved 1067008K
  class space    used 2890K, capacity 3116K, committed 3120K, reserved 1048576K
Event: 3.265 GC heap after
Heap after GC invocations=5 (full 0):
 PSYoungGen      total 71680K, used 5108K [0x00000000d5580000, 0x00000000df180000, 0x0000000100000000)
  eden space 66560K, 0% used [0x00000000d5580000,0x00000000d5580000,0x00000000d9680000)
  from space 5120K, 99% used [0x00000000d9680000,0x00000000d9b7d060,0x00000000d9b80000)
  to   space 13312K, 0% used [0x00000000de480000,0x00000000de480000,0x00000000df180000)
 ParOldGen       total 87552K, used 11440K [0x0000000080000000, 0x0000000085580000, 0x00000000d5580000)
  object space 87552K, 13% used [0x0000000080000000,0x0000000080b2c398,0x0000000085580000)
 Metaspace       used 20653K, capacity 21260K, committed 21296K, reserved 1067008K
  class space    used 2890K, capacity 3116K, committed 3120K, reserved 1048576K
}
Event: 3.265 GC heap before
{Heap before GC invocations=6 (full 1):
 PSYoungGen      total 71680K, used 5108K [0x00000000d5580000, 0x00000000df180000, 0x0000000100000000)
  eden space 66560K, 0% used [0x00000000d5580000,0x00000000d5580000,0x00000000d9680000)
  from space 5120K, 99% used [0x00000000d9680000,0x00000000d9b7d060,0x00000000d9b80000)
  to   space 13312K, 0% used [0x00000000de480000,0x00000000de480000,0x00000000df180000)
 ParOldGen       total 87552K, used 11440K [0x0000000080000000, 0x0000000085580000, 0x00000000d5580000)
  object space 87552K, 13% used [0x0000000080000000,0x0000000080b2c398,0x0000000085580000)
 Metaspace       used 20653K, capacity 21260K, committed 21296K, reserved 1067008K
  class space    used 2890K, capacity 3116K, committed 3120K, reserved 1048576K
Event: 3.303 GC heap after
Heap after GC invocations=6 (full 1):
 PSYoungGen      total 71680K, used 0K [0x00000000d5580000, 0x00000000df180000, 0x0000000100000000)
  eden space 66560K, 0% used [0x00000000d5580000,0x00000000d5580000,0x00000000d9680000)
  from space 5120K, 0% used [0x00000000d9680000,0x00000000d9680000,0x00000000d9b80000)
  to   space 13312K, 0% used [0x00000000de480000,0x00000000de480000,0x00000000df180000)
 ParOldGen       total 56832K, used 7146K [0x0000000080000000, 0x0000000083780000, 0x00000000d5580000)
  object space 56832K, 12% used [0x0000000080000000,0x00000000806fa8d0,0x0000000083780000)
 Metaspace       used 20653K, capacity 21260K, committed 21296K, reserved 1067008K
  class space    used 2890K, capacity 3116K, committed 3120K, reserved 1048576K
}
Event: 4.302 GC heap before
{Heap before GC invocations=7 (full 1):
 PSYoungGen      total 71680K, used 65499K [0x00000000d5580000, 0x00000000df180000, 0x0000000100000000)
  eden space 66560K, 98% used [0x00000000d5580000,0x00000000d9576ea0,0x00000000d9680000)
  from space 5120K, 0% used [0x00000000d9680000,0x00000000d9680000,0x00000000d9b80000)
  to   space 13312K, 0% used [0x00000000de480000,0x00000000de480000,0x00000000df180000)
 ParOldGen       total 56832K, used 7146K [0x0000000080000000, 0x0000000083780000, 0x00000000d5580000)
  object space 56832K, 12% used [0x0000000080000000,0x00000000806fa8d0,0x0000000083780000)
 Metaspace       used 28239K, capacity 28916K, committed 29232K, reserved 1075200K
  class space    used 3896K, capacity 4127K, committed 4144K, reserved 1048576K
Event: 4.326 GC heap after
Heap after GC invocations=7 (full 1):
 PSYoungGen      total 125952K, used 9074K [0x00000000d5580000, 0x00000000ded80000, 0x0000000100000000)
  eden space 116736K, 0% used [0x00000000d5580000,0x00000000d5580000,0x00000000dc780000)
  from space 9216K, 98% used [0x00000000de480000,0x00000000ded5cbb0,0x00000000ded80000)
  to   space 13824K, 0% used [0x00000000dd280000,0x00000000dd280000,0x00000000de000000)
 ParOldGen       total 56832K, used 7154K [0x0000000080000000, 0x0000000083780000, 0x00000000d5580000)
  object space 56832K, 12% used [0x0000000080000000,0x00000000806fc8d0,0x0000000083780000)
 Metaspace       used 28239K, capacity 28916K, committed 29232K, reserved 1075200K
  class space    used 3896K, capacity 4127K, committed 4144K, reserved 1048576K
}
Event: 5.752 GC heap before
{Heap before GC invocations=8 (full 1):
 PSYoungGen      total 125952K, used 125321K [0x00000000d5580000, 0x00000000ded80000, 0x0000000100000000)
  eden space 116736K, 99% used [0x00000000d5580000,0x00000000dc705a20,0x00000000dc780000)
  from space 9216K, 98% used [0x00000000de480000,0x00000000ded5cbb0,0x00000000ded80000)
  to   space 13824K, 0% used [0x00000000dd280000,0x00000000dd280000,0x00000000de000000)
 ParOldGen       total 56832K, used 7154K [0x0000000080000000, 0x0000000083780000, 0x00000000d5580000)
  object space 56832K, 12% used [0x0000000080000000,0x00000000806fc8d0,0x0000000083780000)
 Metaspace       used 34519K, capacity 35432K, committed 35496K, reserved 1079296K
  class space    used 4736K, capacity 5003K, committed 5040K, reserved 1048576K
Event: 5.821 GC heap after
Heap after GC invocations=8 (full 1):
 PSYoungGen      total 141824K, used 12245K [0x00000000d5580000, 0x00000000e3d00000, 0x0000000100000000)
  eden space 128000K, 0% used [0x00000000d5580000,0x00000000d5580000,0x00000000dd280000)
  from space 13824K, 88% used [0x00000000dd280000,0x00000000dde75570,0x00000000de000000)
  to   space 15360K, 0% used [0x00000000e2e00000,0x00000000e2e00000,0x00000000e3d00000)
 ParOldGen       total 56832K, used 7162K [0x0000000080000000, 0x0000000083780000, 0x00000000d5580000)
  object space 56832K, 12% used [0x0000000080000000,0x00000000806fe8d0,0x0000000083780000)
 Metaspace       used 34519K, capacity 35432K, committed 35496K, reserved 1079296K
  class space    used 4736K, capacity 5003K, committed 5040K, reserved 1048576K
}
Event: 5.821 GC heap before
{Heap before GC invocations=9 (full 2):
 PSYoungGen      total 141824K, used 12245K [0x00000000d5580000, 0x00000000e3d00000, 0x0000000100000000)
  eden space 128000K, 0% used [0x00000000d5580000,0x00000000d5580000,0x00000000dd280000)
  from space 13824K, 88% used [0x00000000dd280000,0x00000000dde75570,0x00000000de000000)
  to   space 15360K, 0% used [0x00000000e2e00000,0x00000000e2e00000,0x00000000e3d00000)
 ParOldGen       total 56832K, used 7162K [0x0000000080000000, 0x0000000083780000, 0x00000000d5580000)
  object space 56832K, 12% used [0x0000000080000000,0x00000000806fe8d0,0x0000000083780000)
 Metaspace       used 34519K, capacity 35432K, committed 35496K, reserved 1079296K
  class space    used 4736K, capacity 5003K, committed 5040K, reserved 1048576K
Event: 6.046 GC heap after
Heap after GC invocations=9 (full 2):
 PSYoungGen      total 141824K, used 0K [0x00000000d5580000, 0x00000000e3d00000, 0x0000000100000000)
  eden space 128000K, 0% used [0x00000000d5580000,0x00000000d5580000,0x00000000dd280000)
  from space 13824K, 0% used [0x00000000dd280000,0x00000000dd280000,0x00000000de000000)
  to   space 15360K, 0% used [0x00000000e2e00000,0x00000000e2e00000,0x00000000e3d00000)
 ParOldGen       total 91136K, used 18686K [0x0000000080000000, 0x0000000085900000, 0x00000000d5580000)
  object space 91136K, 20% used [0x0000000080000000,0x000000008123fb78,0x0000000085900000)
 Metaspace       used 34519K, capacity 35432K, committed 35496K, reserved 1079296K
  class space    used 4736K, capacity 5003K, committed 5040K, reserved 1048576K
}

