# JRE version: OpenJDK Runtime Environment (8.0_242-b01) (build 1.8.0_242-release-1644-b01)
# Java VM: OpenJDK 64-Bit Server VM (25.242-b01 mixed mode windows-amd64 compressed oops)
Heap:
 PSYoungGen      total 558592K, used 277053K [0x00000000d5580000, 0x00000000ff180000, 0x0000000100000000)
  eden space 431104K, 61% used [0x00000000d5580000,0x00000000e593b4e8,0x00000000efa80000)
  from space 127488K, 8% used [0x00000000f7500000,0x00000000f7fd4010,0x00000000ff180000)
  to   space 125440K, 0% used [0x00000000efa80000,0x00000000efa80000,0x00000000f7500000)
 ParOldGen       total 413184K, used 265444K [0x0000000080000000, 0x0000000099380000, 0x00000000d5580000)
  object space 413184K, 64% used [0x0000000080000000,0x0000000090339170,0x0000000099380000)
 Metaspace       used 415355K, capacity 426942K, committed 427416K, reserved 1425408K
  class space    used 49738K, capacity 51766K, committed 51888K, reserved 1048576K
GC Heap History (10 events):
Event: 11658.445 GC heap before
{Heap before GC invocations=126 (full 8):
 PSYoungGen      total 538624K, used 409750K [0x00000000d5580000, 0x00000000ff700000, 0x0000000100000000)
  eden space 389632K, 100% used [0x00000000d5580000,0x00000000ed200000,0x00000000ed200000)
  from space 148992K, 13% used [0x00000000ed200000,0x00000000ee5a5810,0x00000000f6380000)
  to   space 144896K, 0% used [0x00000000f6980000,0x00000000f6980000,0x00000000ff700000)
 ParOldGen       total 413184K, used 264515K [0x0000000080000000, 0x0000000099380000, 0x00000000d5580000)
  object space 413184K, 64% used [0x0000000080000000,0x0000000090250eb8,0x0000000099380000)
 Metaspace       used 407602K, capacity 419150K, committed 419608K, reserved 1417216K
  class space    used 48885K, capacity 50894K, committed 50992K, reserved 1048576K
Event: 11658.463 GC heap after
Heap after GC invocations=126 (full 8):
 PSYoungGen      total 546304K, used 15317K [0x00000000d5580000, 0x00000000ff500000, 0x0000000100000000)
  eden space 403456K, 0% used [0x00000000d5580000,0x00000000d5580000,0x00000000edf80000)
  from space 142848K, 10% used [0x00000000f6980000,0x00000000f7875730,0x00000000ff500000)
  to   space 141312K, 0% used [0x00000000edf80000,0x00000000edf80000,0x00000000f6980000)
 ParOldGen       total 413184K, used 265220K [0x0000000080000000, 0x0000000099380000, 0x00000000d5580000)
  object space 413184K, 64% used [0x0000000080000000,0x0000000090301140,0x0000000099380000)
 Metaspace       used 407602K, capacity 419150K, committed 419608K, reserved 1417216K
  class space    used 48885K, capacity 50894K, committed 50992K, reserved 1048576K
}
Event: 11688.282 GC heap before
{Heap before GC invocations=127 (full 8):
 PSYoungGen      total 546304K, used 418773K [0x00000000d5580000, 0x00000000ff500000, 0x0000000100000000)
  eden space 403456K, 100% used [0x00000000d5580000,0x00000000edf80000,0x00000000edf80000)
  from space 142848K, 10% used [0x00000000f6980000,0x00000000f7875730,0x00000000ff500000)
  to   space 141312K, 0% used [0x00000000edf80000,0x00000000edf80000,0x00000000f6980000)
 ParOldGen       total 413184K, used 265220K [0x0000000080000000, 0x0000000099380000, 0x00000000d5580000)
  object space 413184K, 64% used [0x0000000080000000,0x0000000090301140,0x0000000099380000)
 Metaspace       used 407645K, capacity 419214K, committed 419608K, reserved 1417216K
  class space    used 48885K, capacity 50894K, committed 50992K, reserved 1048576K
Event: 11688.310 GC heap after
Heap after GC invocations=127 (full 8):
 PSYoungGen      total 544768K, used 12192K [0x00000000d5580000, 0x00000000ff780000, 0x0000000100000000)
  eden space 403456K, 0% used [0x00000000d5580000,0x00000000d5580000,0x00000000edf80000)
  from space 141312K, 8% used [0x00000000edf80000,0x00000000eeb68020,0x00000000f6980000)
  to   space 137728K, 0% used [0x00000000f7100000,0x00000000f7100000,0x00000000ff780000)
 ParOldGen       total 413184K, used 265324K [0x0000000080000000, 0x0000000099380000, 0x00000000d5580000)
  object space 413184K, 64% used [0x0000000080000000,0x000000009031b160,0x0000000099380000)
 Metaspace       used 407645K, capacity 419214K, committed 419608K, reserved 1417216K
  class space    used 48885K, capacity 50894K, committed 50992K, reserved 1048576K
}
Event: 11763.519 GC heap before
{Heap before GC invocations=128 (full 8):
 PSYoungGen      total 544768K, used 415648K [0x00000000d5580000, 0x00000000ff780000, 0x0000000100000000)
  eden space 403456K, 100% used [0x00000000d5580000,0x00000000edf80000,0x00000000edf80000)
  from space 141312K, 8% used [0x00000000edf80000,0x00000000eeb68020,0x00000000f6980000)
  to   space 137728K, 0% used [0x00000000f7100000,0x00000000f7100000,0x00000000ff780000)
 ParOldGen       total 413184K, used 265324K [0x0000000080000000, 0x0000000099380000, 0x00000000d5580000)
  object space 413184K, 64% used [0x0000000080000000,0x000000009031b160,0x0000000099380000)
 Metaspace       used 407663K, capacity 419218K, committed 419608K, reserved 1417216K
  class space    used 48886K, capacity 50894K, committed 50992K, reserved 1048576K
Event: 11763.535 GC heap after
Heap after GC invocations=128 (full 8):
 PSYoungGen      total 555008K, used 3648K [0x00000000d5580000, 0x00000000ff780000, 0x0000000100000000)
  eden space 417280K, 0% used [0x00000000d5580000,0x00000000d5580000,0x00000000eed00000)
  from space 137728K, 2% used [0x00000000f7100000,0x00000000f7490000,0x00000000ff780000)
  to   space 135168K, 0% used [0x00000000eed00000,0x00000000eed00000,0x00000000f7100000)
 ParOldGen       total 413184K, used 265428K [0x0000000080000000, 0x0000000099380000, 0x00000000d5580000)
  object space 413184K, 64% used [0x0000000080000000,0x0000000090335170,0x0000000099380000)
 Metaspace       used 407663K, capacity 419218K, committed 419608K, reserved 1417216K
  class space    used 48886K, capacity 50894K, committed 50992K, reserved 1048576K
}
Event: 11834.024 GC heap before
{Heap before GC invocations=129 (full 8):
 PSYoungGen      total 555008K, used 420928K [0x00000000d5580000, 0x00000000ff780000, 0x0000000100000000)
  eden space 417280K, 100% used [0x00000000d5580000,0x00000000eed00000,0x00000000eed00000)
  from space 137728K, 2% used [0x00000000f7100000,0x00000000f7490000,0x00000000ff780000)
  to   space 135168K, 0% used [0x00000000eed00000,0x00000000eed00000,0x00000000f7100000)
 ParOldGen       total 413184K, used 265428K [0x0000000080000000, 0x0000000099380000, 0x00000000d5580000)
  object space 413184K, 64% used [0x0000000080000000,0x0000000090335170,0x0000000099380000)
 Metaspace       used 407710K, capacity 419282K, committed 419608K, reserved 1417216K
  class space    used 48886K, capacity 50894K, committed 50992K, reserved 1048576K
Event: 11834.051 GC heap after
Heap after GC invocations=129 (full 8):
 PSYoungGen      total 552448K, used 10512K [0x00000000d5580000, 0x00000000ff480000, 0x0000000100000000)
  eden space 417280K, 0% used [0x00000000d5580000,0x00000000d5580000,0x00000000eed00000)
  from space 135168K, 7% used [0x00000000eed00000,0x00000000ef744010,0x00000000f7100000)
  to   space 130560K, 0% used [0x00000000f7500000,0x00000000f7500000,0x00000000ff480000)
 ParOldGen       total 413184K, used 265436K [0x0000000080000000, 0x0000000099380000, 0x00000000d5580000)
  object space 413184K, 64% used [0x0000000080000000,0x0000000090337170,0x0000000099380000)
 Metaspace       used 407710K, capacity 419282K, committed 419608K, reserved 1417216K
  class space    used 48886K, capacity 50894K, committed 50992K, reserved 1048576K
}
Event: 11941.030 GC heap before
{Heap before GC invocations=130 (full 8):
 PSYoungGen      total 552448K, used 427792K [0x00000000d5580000, 0x00000000ff480000, 0x0000000100000000)
  eden space 417280K, 100% used [0x00000000d5580000,0x00000000eed00000,0x00000000eed00000)
  from space 135168K, 7% used [0x00000000eed00000,0x00000000ef744010,0x00000000f7100000)
  to   space 130560K, 0% used [0x00000000f7500000,0x00000000f7500000,0x00000000ff480000)
 ParOldGen       total 413184K, used 265436K [0x0000000080000000, 0x0000000099380000, 0x00000000d5580000)
  object space 413184K, 64% used [0x0000000080000000,0x0000000090337170,0x0000000099380000)
 Metaspace       used 407718K, capacity 419282K, committed 419608K, reserved 1417216K
  class space    used 48886K, capacity 50894K, committed 50992K, reserved 1048576K
Event: 11941.085 GC heap after
Heap after GC invocations=130 (full 8):
 PSYoungGen      total 558592K, used 11088K [0x00000000d5580000, 0x00000000ff180000, 0x0000000100000000)
  eden space 431104K, 0% used [0x00000000d5580000,0x00000000d5580000,0x00000000efa80000)
  from space 127488K, 8% used [0x00000000f7500000,0x00000000f7fd4010,0x00000000ff180000)
  to   space 125440K, 0% used [0x00000000efa80000,0x00000000efa80000,0x00000000f7500000)
 ParOldGen       total 413184K, used 265444K [0x0000000080000000, 0x0000000099380000, 0x00000000d5580000)
  object space 413184K, 64% used [0x0000000080000000,0x0000000090339170,0x0000000099380000)
 Metaspace       used 407718K, capacity 419282K, committed 419608K, reserved 1417216K
  class space    used 48886K, capacity 50894K, committed 50992K, reserved 1048576K
}

