# JRE version: OpenJDK Runtime Environment (8.0_242-b01) (build 1.8.0_242-release-1644-b01)
# Java VM: OpenJDK 64-Bit Server VM (25.242-b01 mixed mode windows-amd64 compressed oops)
Heap:
 PSYoungGen      total 439808K, used 59199K [0x00000000d5580000, 0x00000000f8800000, 0x0000000100000000)
  eden space 399360K, 14% used [0x00000000d5580000,0x00000000d8c50500,0x00000000edb80000)
  from space 40448K, 7% used [0x00000000f6080000,0x00000000f637f820,0x00000000f8800000)
  to   space 28672K, 0% used [0x00000000edb80000,0x00000000edb80000,0x00000000ef780000)
 ParOldGen       total 229888K, used 113568K [0x0000000080000000, 0x000000008e080000, 0x00000000d5580000)
  object space 229888K, 49% used [0x0000000080000000,0x0000000086ee8348,0x000000008e080000)
 Metaspace       used 96451K, capacity 99956K, committed 100376K, reserved 1136640K
  class space    used 12560K, capacity 13281K, committed 13360K, reserved 1048576K
GC Heap History (10 events):
Event: 14.729 GC heap before
{Heap before GC invocations=14 (full 3):
 PSYoungGen      total 336384K, used 314880K [0x00000000d5580000, 0x00000000ebe00000, 0x0000000100000000)
  eden space 314880K, 100% used [0x00000000d5580000,0x00000000e8900000,0x00000000e8900000)
  from space 21504K, 0% used [0x00000000ea080000,0x00000000ea080000,0x00000000eb580000)
  to   space 24064K, 0% used [0x00000000e8900000,0x00000000e8900000,0x00000000ea080000)
 ParOldGen       total 113664K, used 33078K [0x0000000080000000, 0x0000000086f00000, 0x00000000d5580000)
  object space 113664K, 29% used [0x0000000080000000,0x000000008204dad8,0x0000000086f00000)
 Metaspace       used 70552K, capacity 73560K, committed 73624K, reserved 1112064K
  class space    used 9526K, capacity 10147K, committed 10160K, reserved 1048576K
Event: 14.797 GC heap after
Heap after GC invocations=14 (full 3):
 PSYoungGen      total 338944K, used 24041K [0x00000000d5580000, 0x00000000f1600000, 0x0000000100000000)
  eden space 314880K, 0% used [0x00000000d5580000,0x00000000d5580000,0x00000000e8900000)
  from space 24064K, 99% used [0x00000000e8900000,0x00000000ea07a728,0x00000000ea080000)
  to   space 30208K, 0% used [0x00000000ef880000,0x00000000ef880000,0x00000000f1600000)
 ParOldGen       total 113664K, used 38581K [0x0000000080000000, 0x0000000086f00000, 0x00000000d5580000)
  object space 113664K, 33% used [0x0000000080000000,0x00000000825ad6b8,0x0000000086f00000)
 Metaspace       used 70552K, capacity 73560K, committed 73624K, reserved 1112064K
  class space    used 9526K, capacity 10147K, committed 10160K, reserved 1048576K
}
Event: 19.434 GC heap before
{Heap before GC invocations=15 (full 3):
 PSYoungGen      total 338944K, used 338921K [0x00000000d5580000, 0x00000000f1600000, 0x0000000100000000)
  eden space 314880K, 100% used [0x00000000d5580000,0x00000000e8900000,0x00000000e8900000)
  from space 24064K, 99% used [0x00000000e8900000,0x00000000ea07a728,0x00000000ea080000)
  to   space 30208K, 0% used [0x00000000ef880000,0x00000000ef880000,0x00000000f1600000)
 ParOldGen       total 113664K, used 38581K [0x0000000080000000, 0x0000000086f00000, 0x00000000d5580000)
  object space 113664K, 33% used [0x0000000080000000,0x00000000825ad6b8,0x0000000086f00000)
 Metaspace       used 77787K, capacity 80866K, committed 81176K, reserved 1120256K
  class space    used 10350K, capacity 10980K, committed 11056K, reserved 1048576K
Event: 19.582 GC heap after
Heap after GC invocations=15 (full 3):
 PSYoungGen      total 427008K, used 11116K [0x00000000d5580000, 0x00000000f1380000, 0x0000000100000000)
  eden space 399360K, 0% used [0x00000000d5580000,0x00000000d5580000,0x00000000edb80000)
  from space 27648K, 40% used [0x00000000ef880000,0x00000000f035b1b0,0x00000000f1380000)
  to   space 28672K, 0% used [0x00000000edb80000,0x00000000edb80000,0x00000000ef780000)
 ParOldGen       total 113664K, used 59005K [0x0000000080000000, 0x0000000086f00000, 0x00000000d5580000)
  object space 113664K, 51% used [0x0000000080000000,0x000000008399f540,0x0000000086f00000)
 Metaspace       used 77787K, capacity 80866K, committed 81176K, reserved 1120256K
  class space    used 10350K, capacity 10980K, committed 11056K, reserved 1048576K
}
Event: 33.616 GC heap before
{Heap before GC invocations=16 (full 3):
 PSYoungGen      total 427008K, used 410476K [0x00000000d5580000, 0x00000000f1380000, 0x0000000100000000)
  eden space 399360K, 100% used [0x00000000d5580000,0x00000000edb80000,0x00000000edb80000)
  from space 27648K, 40% used [0x00000000ef880000,0x00000000f035b1b0,0x00000000f1380000)
  to   space 28672K, 0% used [0x00000000edb80000,0x00000000edb80000,0x00000000ef780000)
 ParOldGen       total 113664K, used 59005K [0x0000000080000000, 0x0000000086f00000, 0x00000000d5580000)
  object space 113664K, 51% used [0x0000000080000000,0x000000008399f540,0x0000000086f00000)
 Metaspace       used 92750K, capacity 96438K, committed 96664K, reserved 1132544K
  class space    used 12137K, capacity 12896K, committed 12976K, reserved 1048576K
Event: 33.756 GC heap after
Heap after GC invocations=16 (full 3):
 PSYoungGen      total 428032K, used 28659K [0x00000000d5580000, 0x00000000f8800000, 0x0000000100000000)
  eden space 399360K, 0% used [0x00000000d5580000,0x00000000d5580000,0x00000000edb80000)
  from space 28672K, 99% used [0x00000000edb80000,0x00000000ef77cd10,0x00000000ef780000)
  to   space 40448K, 0% used [0x00000000f6080000,0x00000000f6080000,0x00000000f8800000)
 ParOldGen       total 113664K, used 78692K [0x0000000080000000, 0x0000000086f00000, 0x00000000d5580000)
  object space 113664K, 69% used [0x0000000080000000,0x0000000084cd92e0,0x0000000086f00000)
 Metaspace       used 92750K, capacity 96438K, committed 96664K, reserved 1132544K
  class space    used 12137K, capacity 12896K, committed 12976K, reserved 1048576K
}
Event: 35.338 GC heap before
{Heap before GC invocations=17 (full 3):
 PSYoungGen      total 428032K, used 128320K [0x00000000d5580000, 0x00000000f8800000, 0x0000000100000000)
  eden space 399360K, 24% used [0x00000000d5580000,0x00000000db6d3520,0x00000000edb80000)
  from space 28672K, 99% used [0x00000000edb80000,0x00000000ef77cd10,0x00000000ef780000)
  to   space 40448K, 0% used [0x00000000f6080000,0x00000000f6080000,0x00000000f8800000)
 ParOldGen       total 113664K, used 78692K [0x0000000080000000, 0x0000000086f00000, 0x00000000d5580000)
  object space 113664K, 69% used [0x0000000080000000,0x0000000084cd92e0,0x0000000086f00000)
 Metaspace       used 94909K, capacity 98556K, committed 98600K, reserved 1134592K
  class space    used 12489K, capacity 13209K, committed 13232K, reserved 1048576K
Event: 35.655 GC heap after
Heap after GC invocations=17 (full 3):
 PSYoungGen      total 439808K, used 27760K [0x00000000d5580000, 0x00000000f8800000, 0x0000000100000000)
  eden space 399360K, 0% used [0x00000000d5580000,0x00000000d5580000,0x00000000edb80000)
  from space 40448K, 68% used [0x00000000f6080000,0x00000000f7b9c2e8,0x00000000f8800000)
  to   space 28672K, 0% used [0x00000000edb80000,0x00000000edb80000,0x00000000ef780000)
 ParOldGen       total 113664K, used 106366K [0x0000000080000000, 0x0000000086f00000, 0x00000000d5580000)
  object space 113664K, 93% used [0x0000000080000000,0x00000000867df9a0,0x0000000086f00000)
 Metaspace       used 94909K, capacity 98556K, committed 98600K, reserved 1134592K
  class space    used 12489K, capacity 13209K, committed 13232K, reserved 1048576K
}
Event: 35.655 GC heap before
{Heap before GC invocations=18 (full 4):
 PSYoungGen      total 439808K, used 27760K [0x00000000d5580000, 0x00000000f8800000, 0x0000000100000000)
  eden space 399360K, 0% used [0x00000000d5580000,0x00000000d5580000,0x00000000edb80000)
  from space 40448K, 68% used [0x00000000f6080000,0x00000000f7b9c2e8,0x00000000f8800000)
  to   space 28672K, 0% used [0x00000000edb80000,0x00000000edb80000,0x00000000ef780000)
 ParOldGen       total 113664K, used 106366K [0x0000000080000000, 0x0000000086f00000, 0x00000000d5580000)
  object space 113664K, 93% used [0x0000000080000000,0x00000000867df9a0,0x0000000086f00000)
 Metaspace       used 94909K, capacity 98556K, committed 98600K, reserved 1134592K
  class space    used 12489K, capacity 13209K, committed 13232K, reserved 1048576K
Event: 37.956 GC heap after
Heap after GC invocations=18 (full 4):
 PSYoungGen      total 439808K, used 3070K [0x00000000d5580000, 0x00000000f8800000, 0x0000000100000000)
  eden space 399360K, 0% used [0x00000000d5580000,0x00000000d5580000,0x00000000edb80000)
  from space 40448K, 7% used [0x00000000f6080000,0x00000000f637f820,0x00000000f8800000)
  to   space 28672K, 0% used [0x00000000edb80000,0x00000000edb80000,0x00000000ef780000)
 ParOldGen       total 229888K, used 113568K [0x0000000080000000, 0x000000008e080000, 0x00000000d5580000)
  object space 229888K, 49% used [0x0000000080000000,0x0000000086ee8348,0x000000008e080000)
 Metaspace       used 94802K, capacity 98252K, committed 98600K, reserved 1134592K
  class space    used 12455K, capacity 13149K, committed 13232K, reserved 1048576K
}

